https://spark.apache.org/docs/latest/index.html
https://spark.apache.org/docs/latest/quick-start.html
https://spark.apache.org/docs/latest/storage-openstack-swift.html
https://spark.apache.org/docs/latest/hardware-provisioning.html
https://spark.apache.org/docs/latest/rdd-programming-guide.html
https://spark.apache.org/docs/latest/tuning.html
https://spark.apache.org/docs/latest/ml-guide.html
https://spark.apache.org/docs/latest/sql-programming-guide.html
https://spark.apache.org/docs/latest/streaming/index.html
https://spark.apache.org/docs/latest/graphx-programming-guide.html
https://spark.apache.org/docs/latest/sparkr.html
https://spark.apache.org/docs/latest/submitting-applications.html
https://spark.apache.org/docs/latest/streaming-programming-guide.html
https://spark.apache.org/docs/latest/sql-distributed-sql-engine-spark-sql-cli.html
https://spark.apache.org/docs/latest/running-on-yarn.html
https://spark.apache.org/docs/latest/spark-standalone.html
https://spark.apache.org/docs/latest/sql-performance-tuning.html
https://spark.apache.org/docs/latest/monitoring.html
https://spark.apache.org/docs/latest/ml-statistics.html
https://spark.apache.org/docs/latest/running-on-kubernetes.html
https://spark.apache.org/docs/latest/security.html
https://spark.apache.org/docs/latest/cluster-overview.html
https://spark.apache.org/docs/latest/configuration.html
https://spark.apache.org/docs/latest/cloud-integration.html
https://spark.apache.org/docs/latest/migration-guide.html
https://spark.apache.org/docs/latest/spark-connect-overview.html
https://spark.apache.org/docs/latest/web-ui.html
https://spark.apache.org/docs/latest/job-scheduling.html
https://spark.apache.org/docs/latest/hadoop-provided.html
https://spark.apache.org/docs/latest/building-spark.html
https://spark.apache.org/docs/latest/ml-datasource.html
https://spark.apache.org/docs/latest/ml-pipeline.html
https://spark.apache.org/docs/latest/ml-features.html
https://spark.apache.org/docs/latest/ml-classification-regression.html
https://spark.apache.org/docs/latest/ml-collaborative-filtering.html
https://spark.apache.org/docs/latest/ml-clustering.html
https://spark.apache.org/docs/latest/ml-frequent-pattern-mining.html
https://spark.apache.org/docs/latest/ml-tuning.html
https://spark.apache.org/docs/latest/ml-advanced.html
https://spark.apache.org/docs/latest/streaming-custom-receivers.html
https://spark.apache.org/docs/latest/streaming-kafka-0-10-integration.html
https://spark.apache.org/docs/latest/streaming-kinesis-integration.html
https://spark.apache.org/docs/latest/mllib-linear-methods.html
https://spark.apache.org/docs/latest/core-migration-guide.html
https://spark.apache.org/docs/latest/streaming/ss-migration-guide.html
https://spark.apache.org/docs/latest/pyspark-migration-guide.html
https://spark.apache.org/docs/latest/app-dev-spark-connect.html
https://spark.apache.org/docs/latest/ml-advanced
https://spark.apache.org/docs/latest/mllib-decision-tree.html
https://spark.apache.org/docs/latest/mllib-ensembles.html
https://spark.apache.org/docs/latest/structured-streaming-kafka-integration.html
https://spark.apache.org/docs/latest/streaming/structured-streaming-kafka-integration.html
https://spark.apache.org/docs/latest/ml-guide
https://spark.apache.org/docs/latest/sql-ref.html
https://spark.apache.org/docs/latest/sparkr-migration-guide.html
https://spark.apache.org/docs/latest/sql-data-sources.html
https://spark.apache.org/docs/latest/streaming/additional-information.html
https://spark.apache.org/docs/latest/sql-pyspark-pandas-with-arrow.html
https://spark.apache.org/docs/latest/mllib-guide.html
https://spark.apache.org/docs/latest/mllib-pmml-model-export.html
https://spark.apache.org/docs/latest/sql-distributed-sql-engine.html
https://spark.apache.org/docs/latest/mllib-classification-regression.html
https://spark.apache.org/docs/latest/mllib-collaborative-filtering.html
https://spark.apache.org/docs/latest/mllib-frequent-pattern-mining.html
https://spark.apache.org/docs/latest/mllib-optimization.html
https://spark.apache.org/docs/latest/ml-linalg-guide.html
https://spark.apache.org/docs/latest/mllib-feature-extraction.html
https://spark.apache.org/docs/latest/mllib-data-types.html
https://spark.apache.org/docs/latest/mllib-clustering.html
https://spark.apache.org/docs/latest/sql-getting-started.html
https://spark.apache.org/docs/latest/mllib-dimensionality-reduction.html
https://spark.apache.org/docs/latest/sql-data-sources-load-save-functions.html
https://spark.apache.org/docs/latest/streaming/getting-started.html
https://spark.apache.org/docs/latest/streaming/performance-tips.html
https://spark.apache.org/docs/latest/ml-migration-guide.html
https://spark.apache.org/docs/latest/mllib-statistics.html
https://spark.apache.org/docs/latest/sql-pipe-syntax.html
https://spark.apache.org/docs/latest/sql-data-sources-hive-tables.html
https://spark.apache.org/docs/latest/sql-data-sources-generic-options.html
https://spark.apache.org/docs/latest/sql-data-sources-parquet.html
https://spark.apache.org/docs/latest/sql-data-sources-orc.html
https://spark.apache.org/docs/latest/sql-data-sources-json.html
https://spark.apache.org/docs/latest/sql-data-sources-csv.html
https://spark.apache.org/docs/latest/sql-data-sources-text.html
https://spark.apache.org/docs/latest/sql-data-sources-troubleshooting.html
https://spark.apache.org/docs/latest/sql-error-conditions.html
https://spark.apache.org/docs/latest/streaming/apis-on-dataframes-and-datasets.html
https://spark.apache.org/docs/latest/sql-data-sources-xml.html
https://spark.apache.org/docs/latest/sql-data-sources-binaryFile.html
https://spark.apache.org/docs/latest/sql-data-sources-avro.html
https://spark.apache.org/docs/latest/mllib-isotonic-regression.html
https://spark.apache.org/docs/latest/sql-data-sources-protobuf.html
https://spark.apache.org/docs/latest/sql-data-sources-jdbc.html
https://spark.apache.org/docs/latest/mllib-naive-bayes.html
https://spark.apache.org/docs/latest/sql-migration-guide.html
https://spark.apache.org/docs/latest/mllib-evaluation-metrics.html
https://spark.apache.org/docs/latest/streaming/structured-streaming-transform-with-state.html
https://spark.apache.org/docs/latest/streaming/structured-streaming-state-data-source.html
