https://spark.apache.org/docs/latest/index.html
https://spark.apache.org/docs/latest/sql-programming-guide.html
https://spark.apache.org/docs/latest/sql-getting-started.html
https://spark.apache.org/docs/latest/ml-guide.html
https://spark.apache.org/docs/latest/cluster-overview.html
https://spark.apache.org/docs/latest/quick-start.html
https://spark.apache.org/docs/latest/job-scheduling.html
https://spark.apache.org/docs/latest/security.html
https://spark.apache.org/docs/latest/streaming/index.html
https://spark.apache.org/docs/latest/submitting-applications.html
https://spark.apache.org/docs/latest/building-spark.html
https://spark.apache.org/docs/latest/hadoop-provided.html
https://spark.apache.org/docs/latest/running-on-kubernetes.html
https://spark.apache.org/docs/latest/spark-standalone.html
https://spark.apache.org/docs/latest/rdd-programming-guide.html
https://spark.apache.org/docs/latest/sql-distributed-sql-engine-spark-sql-cli.html
https://spark.apache.org/docs/latest/monitoring.html
https://spark.apache.org/docs/latest/tuning.html
https://spark.apache.org/docs/latest/configuration.html
https://spark.apache.org/docs/latest/streaming-programming-guide.html
https://spark.apache.org/docs/latest/sql-ref-functions.html
https://spark.apache.org/docs/latest/sql-data-sources.html
https://spark.apache.org/docs/latest/sql-pyspark-pandas-with-arrow.html
https://spark.apache.org/docs/latest/graphx-programming-guide.html
https://spark.apache.org/docs/latest/running-on-yarn.html
https://spark.apache.org/docs/latest/sparkr.html
https://spark.apache.org/docs/latest/spark-connect-overview.html
https://spark.apache.org/docs/latest/cloud-integration.html
https://spark.apache.org/docs/latest/hardware-provisioning.html
https://spark.apache.org/docs/latest/web-ui.html
https://spark.apache.org/docs/latest/ml-statistics.html
https://spark.apache.org/docs/latest/sql-data-sources-hive-tables.html
https://spark.apache.org/docs/latest/storage-openstack-swift.html
https://spark.apache.org/docs/latest/migration-guide.html
https://spark.apache.org/docs/latest/mllib-feature-extraction.html
https://spark.apache.org/docs/latest/mllib-frequent-pattern-mining.html
https://spark.apache.org/docs/latest/sql-error-conditions.html
https://spark.apache.org/docs/latest/sql-migration-guide.html
https://spark.apache.org/docs/latest/mllib-optimization.html
https://spark.apache.org/docs/latest/sql-performance-tuning.html
https://spark.apache.org/docs/latest/sql-distributed-sql-engine.html
https://spark.apache.org/docs/latest/ml-datasource.html
https://spark.apache.org/docs/latest/ml-pipeline.html
https://spark.apache.org/docs/latest/ml-features.html
https://spark.apache.org/docs/latest/ml-migration-guide.html
https://spark.apache.org/docs/latest/streaming/getting-started.html
https://spark.apache.org/docs/latest/ml-classification-regression.html
https://spark.apache.org/docs/latest/sql-ref.html
https://spark.apache.org/docs/latest/mllib-evaluation-metrics.html
https://spark.apache.org/docs/latest/mllib-pmml-model-export.html
https://spark.apache.org/docs/latest/streaming/performance-tips.html
https://spark.apache.org/docs/latest/ml-linalg-guide.html
https://spark.apache.org/docs/latest/streaming/additional-information.html
https://spark.apache.org/docs/latest/streaming-kafka-0-10-integration.html
https://spark.apache.org/docs/latest/streaming-custom-receivers.html
https://spark.apache.org/docs/latest/sql-ref-ansi-compliance.html
https://spark.apache.org/docs/latest/mllib-linear-methods.html
https://spark.apache.org/docs/latest/sql-ref-datatypes.html
https://spark.apache.org/docs/latest/sql-ref-datetime-pattern.html
https://spark.apache.org/docs/latest/sql-ref-identifier.html
https://spark.apache.org/docs/latest/streaming/apis-on-dataframes-and-datasets.html
https://spark.apache.org/docs/latest/sql-ref-identifier-clause.html
https://spark.apache.org/docs/latest/sql-ref-number-pattern.html
https://spark.apache.org/docs/latest/sql-ref-null-semantics.html
https://spark.apache.org/docs/latest/sql-ref-syntax.html
https://spark.apache.org/docs/latest/sql-ref-operators.html
https://spark.apache.org/docs/latest/sql-data-sources-load-save-functions.html
https://spark.apache.org/docs/latest/streaming-kinesis-integration.html
https://spark.apache.org/docs/latest/sql-ref-functions-udf-hive.html
https://spark.apache.org/docs/latest/sql-data-sources-generic-options.html
https://spark.apache.org/docs/latest/sql-ref-literals.html
https://spark.apache.org/docs/latest/sql-data-sources-json.html
https://spark.apache.org/docs/latest/sql-data-sources-csv.html
https://spark.apache.org/docs/latest/sql-data-sources-parquet.html
https://spark.apache.org/docs/latest/sql-data-sources-orc.html
https://spark.apache.org/docs/latest/sql-data-sources-jdbc.html
https://spark.apache.org/docs/latest/sql-data-sources-xml.html
https://spark.apache.org/docs/latest/sql-data-sources-text.html
https://spark.apache.org/docs/latest/sql-data-sources-avro.html
https://spark.apache.org/docs/latest/sql-data-sources-binaryFile.html
https://spark.apache.org/docs/latest/sql-data-sources-protobuf.html
https://spark.apache.org/docs/latest/sql-data-sources-troubleshooting.html
https://spark.apache.org/docs/latest/sparkr-migration-guide.html
https://spark.apache.org/docs/latest/app-dev-spark-connect.html
https://spark.apache.org/docs/latest/core-migration-guide.html
https://spark.apache.org/docs/latest/streaming/ss-migration-guide.html
https://spark.apache.org/docs/latest/sql-ref-syntax-aux-analyze-table.html
https://spark.apache.org/docs/latest/sql-ref-syntax-aux-describe-table.html
https://spark.apache.org/docs/latest/sql-ref-syntax-qry-explain.html
https://spark.apache.org/docs/latest/mllib-decision-tree.html
https://spark.apache.org/docs/latest/ml-advanced
https://spark.apache.org/docs/latest/sql-ref-function-invocation.html
https://spark.apache.org/docs/latest/ml-tuning.html
https://spark.apache.org/docs/latest/sql-pipe-syntax.html
https://spark.apache.org/docs/latest/streaming/structured-streaming-kafka-integration.html
https://spark.apache.org/docs/latest/sql-ref-syntax-qry-select-hints.html
https://spark.apache.org/docs/latest/ml-collaborative-filtering.html
https://spark.apache.org/docs/latest/mllib-data-types.html
https://spark.apache.org/docs/latest/ml-advanced.html
https://spark.apache.org/docs/latest/ml-frequent-pattern-mining.html
https://spark.apache.org/docs/latest/mllib-dimensionality-reduction.html
https://spark.apache.org/docs/latest/mllib-guide.html
https://spark.apache.org/docs/latest/mllib-classification-regression.html
https://spark.apache.org/docs/latest/sql-ref-functions-udf-aggregate.html
https://spark.apache.org/docs/latest/mllib-clustering.html
https://spark.apache.org/docs/latest/sql-ref-syntax-ddl-alter-table.html
https://spark.apache.org/docs/latest/sql-ref-syntax-ddl-alter-view.html
https://spark.apache.org/docs/latest/mllib-ensembles.html
https://spark.apache.org/docs/latest/streaming/structured-streaming-transform-with-state.html
https://spark.apache.org/docs/latest/streaming/structured-streaming-state-data-source.html
https://spark.apache.org/docs/latest/sql-ref-functions-udf-scalar.html
https://spark.apache.org/docs/latest/ml-clustering.html
https://spark.apache.org/docs/latest/mllib-collaborative-filtering.html
https://spark.apache.org/docs/latest/sql-ref-syntax-ddl-create-database.html
https://spark.apache.org/docs/latest/sql-ref-syntax-ddl-create-function.html
https://spark.apache.org/docs/latest/sql-ref-syntax-ddl-create-table.html
https://spark.apache.org/docs/latest/sql-ref-syntax-ddl-create-view.html
https://spark.apache.org/docs/latest/sql-ref-functions-builtin.html
https://spark.apache.org/docs/latest/mllib-statistics.html
https://spark.apache.org/docs/latest/sql-ref-syntax-ddl-alter-database.html
https://spark.apache.org/docs/latest/sql-ref-syntax-ddl-drop-database.html
https://spark.apache.org/docs/latest/sql-ref-syntax-ddl-drop-function.html
https://spark.apache.org/docs/latest/sql-ref-syntax-ddl-drop-variable.html
https://spark.apache.org/docs/latest/sql-ref-syntax-ddl-drop-view.html
https://spark.apache.org/docs/latest/sql-ref-syntax-ddl-repair-table.html
https://spark.apache.org/docs/latest/sql-ref-syntax-dml-insert-table.html
https://spark.apache.org/docs/latest/sql-ref-syntax-qry-select-groupby.html
https://spark.apache.org/docs/latest/sql-ref-syntax-ddl-declare-variable.html
https://spark.apache.org/docs/latest/sql-ref-syntax-dml-insert-overwrite-directory.html
https://spark.apache.org/docs/latest/sql-ref-syntax-dml-load.html
https://spark.apache.org/docs/latest/sql-ref-syntax-qry-select.html
https://spark.apache.org/docs/latest/sql-ref-syntax-qry-select-cte.html
https://spark.apache.org/docs/latest/sql-ref-syntax-qry-select-distribute-by.html
https://spark.apache.org/docs/latest/sql-ref-syntax-ddl-drop-table.html
https://spark.apache.org/docs/latest/sql-ref-syntax-qry-select-file.html
https://spark.apache.org/docs/latest/sql-ref-syntax-qry-select-join.html
https://spark.apache.org/docs/latest/sql-ref-syntax-ddl-usedb.html
https://spark.apache.org/docs/latest/sql-ref-syntax-qry-select-like.html
https://spark.apache.org/docs/latest/sql-ref-syntax-qry-select-limit.html
https://spark.apache.org/docs/latest/sql-ref-syntax-qry-select-clusterby.html
https://spark.apache.org/docs/latest/sql-ref-syntax-ddl-truncate-table.html
https://spark.apache.org/docs/latest/sql-ref-syntax-qry-select-having.html
https://spark.apache.org/docs/latest/sql-ref-syntax-qry-select-inline-table.html
https://spark.apache.org/docs/latest/sql-ref-syntax-qry-select-setops.html
https://spark.apache.org/docs/latest/sql-ref-syntax-qry-select-sortby.html
https://spark.apache.org/docs/latest/sql-ref-syntax-qry-select-sampling.html
https://spark.apache.org/docs/latest/sql-ref-syntax-qry-select-where.html
https://spark.apache.org/docs/latest/sql-ref-syntax-qry-select-aggregate.html
https://spark.apache.org/docs/latest/sql-ref-syntax-qry-select-window.html
https://spark.apache.org/docs/latest/sql-ref-syntax-qry-select-offset.html
https://spark.apache.org/docs/latest/sql-ref-syntax-qry-select-pivot.html
https://spark.apache.org/docs/latest/sql-ref-syntax-qry-select-lateral-view.html
https://spark.apache.org/docs/latest/sql-ref-syntax-qry-select-orderby.html
https://spark.apache.org/docs/latest/sql-ref-syntax-qry-select-tvf.html
https://spark.apache.org/docs/latest/sql-ref-syntax-qry-select-unpivot.html
https://spark.apache.org/docs/latest/sql-ref-syntax-qry-select-case.html
https://spark.apache.org/docs/latest/sql-ref-syntax-qry-select-lateral-subquery.html
https://spark.apache.org/docs/latest/sql-ref-syntax-qry-select-transform.html
https://spark.apache.org/docs/latest/sql-ref-syntax-qry-star.html
https://spark.apache.org/docs/latest/sql-ref-syntax-aux-resource-mgmt-add-file.html
https://spark.apache.org/docs/latest/sql-ref-syntax-aux-describe-database.html
https://spark.apache.org/docs/latest/sql-ref-syntax-aux-describe-query.html
https://spark.apache.org/docs/latest/sql-ref-syntax-aux-resource-mgmt-list-file.html
https://spark.apache.org/docs/latest/sql-ref-syntax-aux-resource-mgmt-add-jar.html
https://spark.apache.org/docs/latest/sql-ref-syntax-aux-cache-clear-cache.html
https://spark.apache.org/docs/latest/sql-ref-syntax-aux-describe-function.html
https://spark.apache.org/docs/latest/sql-ref-syntax-aux-cache-cache-table.html
https://spark.apache.org/docs/latest/sql-ref-syntax-aux-cache-refresh-table.html
https://spark.apache.org/docs/latest/sql-ref-syntax-aux-cache-refresh.html
https://spark.apache.org/docs/latest/sql-ref-syntax-aux-cache-refresh-function.html
https://spark.apache.org/docs/latest/sql-ref-syntax-aux-conf-mgmt-reset.html
https://spark.apache.org/docs/latest/sql-ref-syntax-aux-set-var.html
https://spark.apache.org/docs/latest/sql-ref-syntax-aux-resource-mgmt-list-jar.html
https://spark.apache.org/docs/latest/sql-ref-syntax-aux-exec-imm.html
https://spark.apache.org/docs/latest/sql-ref-syntax-aux-show-create-table.html
https://spark.apache.org/docs/latest/sql-ref-syntax-aux-conf-mgmt-set.html
https://spark.apache.org/docs/latest/sql-ref-syntax-aux-show-databases.html
https://spark.apache.org/docs/latest/sql-ref-syntax-aux-show-functions.html
https://spark.apache.org/docs/latest/sql-ref-syntax-aux-show-partitions.html
https://spark.apache.org/docs/latest/sql-ref-syntax-aux-show-table.html
https://spark.apache.org/docs/latest/sql-ref-syntax-aux-show-views.html
https://spark.apache.org/docs/latest/ml-guide
https://spark.apache.org/docs/latest/sql-ref-syntax-aux-show-columns.html
https://spark.apache.org/docs/latest/mllib-naive-bayes.html
https://spark.apache.org/docs/latest/mllib-isotonic-regression.html
https://spark.apache.org/docs/latest/sql-ref-syntax-ddl-create-table-hiveformat.html
https://spark.apache.org/docs/latest/sql-ref-syntax-aux-show-tables.html
https://spark.apache.org/docs/latest/sql-ref-syntax-aux-show-tblproperties.html
https://spark.apache.org/docs/latest/sql-ref-syntax-ddl-create-table-datasource.html
https://spark.apache.org/docs/latest/sql-ref-syntax-aux-cache-uncache-table.html
https://spark.apache.org/docs/latest/sql-ref-syntax-ddl-create-table-like.html
https://spark.apache.org/docs/latest/sql-ref-syntax-aux-resource-mgmt-list-archive.html
https://spark.apache.org/docs/latest/sql-ref-syntax-aux-resource-mgmt-add-archive.html
https://spark.apache.org/docs/latest/sql-ref-syntax-hive-format.html
